app/build/intermediates/manifest_merge_blame_file/debug/manifest-merger-blame-debug-report.txt
1<?xml version="1.0" encoding="utf-8"?>
2<manifest xmlns:android="http://schemas.android.com/apk/res/android"
3    package="com.creativeinfoway.ipinfo"
4    android:versionCode="1"
5    android:versionName="1.0" >
6
7    <uses-sdk
8        android:minSdkVersion="15"
8-->src\main\AndroidManifest.xml
9        android:targetSdkVersion="30" />
9-->src\main\AndroidManifest.xml
10
11    <uses-permission android:name="android.permission.INTERNET" />
11-->src\main\AndroidManifest.xml:6:5-66
11-->src\main\AndroidManifest.xml:6:22-64
12
13    <application
13-->src\main\AndroidManifest.xml:8:5-29:19
14        android:allowBackup="true"
14-->src\main\AndroidManifest.xml:9:13-39
15        android:appComponentFactory="androidx.core.app.CoreComponentFactory"
15-->[androidx.core:core:1.5.0] AndroidManifest.xml:24:18-86
16        android:debuggable="true"
17        android:icon="@mipmap/ic_launcher"
17-->src\main\AndroidManifest.xml:10:13-47
18        android:label="@string/app_name"
18-->src\main\AndroidManifest.xml:11:13-45
19        android:roundIcon="@mipmap/ic_launcher_round"
19-->src\main\AndroidManifest.xml:12:13-58
20        android:supportsRtl="true"
20-->src\main\AndroidManifest.xml:13:13-39
21        android:testOnly="true"
22        android:theme="@style/AppTheme"
22-->src\main\AndroidManifest.xml:14:13-44
23        android:usesCleartextTraffic="true" >
23-->src\main\AndroidManifest.xml:15:13-48
24        <activity android:name="com.creativeinfoway.ipinfo.activity.IpInfoActivity" >
24-->src\main\AndroidManifest.xml:18:9-19:20
24-->src\main\AndroidManifest.xml:18:19-58
25        </activity>
26        <activity android:name="com.creativeinfoway.ipinfo.activity.IpApiActivity" >
26-->src\main\AndroidManifest.xml:20:9-21:20
26-->src\main\AndroidManifest.xml:20:19-57
27        </activity>
28        <activity android:name="com.creativeinfoway.ipinfo.activity.MainActivity" >
28-->src\main\AndroidManifest.xml:22:9-28:20
28-->src\main\AndroidManifest.xml:22:19-56
29            <intent-filter>
29-->src\main\AndroidManifest.xml:23:13-27:29
30                <action android:name="android.intent.action.MAIN" />
30-->src\main\AndroidManifest.xml:24:17-68
30-->src\main\AndroidManifest.xml:24:25-66
31
32                <category android:name="android.intent.category.LAUNCHER" />
32-->src\main\AndroidManifest.xml:26:17-76
32-->src\main\AndroidManifest.xml:26:27-74
33            </intent-filter>
34        </activity>
35    </application>
36
37</manifest>